<?xml version='1.0' encoding='UTF-8'?>
<testsuite hostname="UClevo" name="com.loosemond.orderservice.ItemSpecSpec" tests="1" errors="0" failures="1" skipped="0" time="0.656" timestamp="2021-11-17T00:38:07">
          <properties>
[...]
</properties>
          <testcase classname="com.loosemond.orderservice.ItemSpecSpec" name="Creating items" time="0.656">
                      <failure message="Invalid message body: Could not decode JSON: {
  &quot;id&quot; : null,
  &quot;product&quot; : {
    &quot;id&quot; : null,
    &quot;name&quot; : &quot;shoe&quot;,
    &quot;category&quot; : &quot;clothes&quot;,
    &quot;weight&quot; : 0.3,
    &quot;price&quot; : 49.99,
    &quot;creationDate&quot; : &quot;10-11-2021&quot;
  },
  &quot;shippingFee&quot; : 2.3,
  &quot;price&quot; : 20.2
}" type="org.http4s.InvalidMessageBodyFailure">org.http4s.InvalidMessageBodyFailure: Invalid message body: Could not decode JSON: {
  &quot;id&quot; : null,
  &quot;product&quot; : {
    &quot;id&quot; : null,
    &quot;name&quot; : &quot;shoe&quot;,
    &quot;category&quot; : &quot;clothes&quot;,
    &quot;weight&quot; : 0.3,
    &quot;price&quot; : 49.99,
    &quot;creationDate&quot; : &quot;10-11-2021&quot;
  },
  &quot;shippingFee&quot; : 2.3,
  &quot;price&quot; : 20.2
}
	at org.http4s.circe.CirceInstances$.org$http4s$circe$CirceInstances$$jsonDecodeErrorHelper(CirceInstances.scala:258)
	at org.http4s.circe.CirceInstances$.$anonfun$defaultJsonDecodeError$1(CirceInstances.scala:245)
	at org.http4s.circe.CirceInstances.$anonfun$jsonOfWithMediaHelper$2(CirceInstances.scala:106)
	at scala.util.Either.fold(Either.scala:190)
	at org.http4s.circe.CirceInstances.$anonfun$jsonOfWithMediaHelper$1(CirceInstances.scala:107)
	at cats.data.EitherT.$anonfun$flatMap$1(EitherT.scala:405)
	at map @ fs2.internal.CompileScope.$anonfun$close$9(CompileScope.scala:246)
	at flatMap @ fs2.internal.CompileScope.$anonfun$close$6(CompileScope.scala:245)
	at map @ fs2.internal.CompileScope.fs2$internal$CompileScope$$traverseError(CompileScope.scala:222)
	at flatMap @ fs2.internal.CompileScope.$anonfun$close$4(CompileScope.scala:244)
	at map @ fs2.internal.CompileScope.fs2$internal$CompileScope$$traverseError(CompileScope.scala:222)
	at flatMap @ fs2.internal.CompileScope.$anonfun$close$2(CompileScope.scala:242)
	at flatMap @ fs2.internal.CompileScope.close(CompileScope.scala:241)
	at rethrow$extension @ fs2.Stream$Compiler$.$anonfun$compile$2(Stream.scala:4225)
	at unsafeRunSync @ com.loosemond.orderservice.ItemSpecSpec.createItem(ItemSpec.scala:64)
	at flatMap @ fs2.internal.CompileScope.$anonfun$openAncestor$2(CompileScope.scala:261)
	at flatMap @ fs2.internal.FreeC$.$anonfun$compile$17(Algebra.scala:545)
	at map @ fs2.internal.CompileScope.$anonfun$close$9(CompileScope.scala:246)
	at flatMap @ fs2.internal.CompileScope.$anonfun$close$6(CompileScope.scala:245)
	at map @ fs2.internal.CompileScope.fs2$internal$CompileScope$$traverseError(CompileScope.scala:222)
	at flatMap @ fs2.internal.CompileScope.$anonfun$close$4(CompileScope.scala:244)
	at map @ fs2.internal.CompileScope.fs2$internal$CompileScope$$traverseError(CompileScope.scala:222)
Caused by: DecodingFailure(String, List(DownField(product)))
</failure>
                    </testcase>
          <system-out><![CDATA[]]></system-out>
          <system-err><![CDATA[]]></system-err>
        </testsuite>