<?xml version='1.0' encoding='UTF-8'?>
<testsuite hostname="UClevo" name="com.loosemond.orderservice.ProductSpecSpec" tests="2" errors="0" failures="2" skipped="0" time="1.539" timestamp="2021-11-17T00:38:07">
          <properties>
[...]
</properties>
          <testcase classname="com.loosemond.orderservice.ProductSpecSpec" name="Creating products" time="1.516">
                      <failure message="ERROR: duplicate key value violates unique constraint &quot;products_name_key&quot;
  Detail: Key (name)=(shoe) already exists." type="org.postgresql.util.PSQLException">org.postgresql.util.PSQLException: ERROR: duplicate key value violates unique constraint &quot;products_name_key&quot;
  Detail: Key (name)=(shoe) already exists.
	at org.postgresql.core.v3.QueryExecutorImpl.receiveErrorResponse(QueryExecutorImpl.java:2497)
	at org.postgresql.core.v3.QueryExecutorImpl.processResults(QueryExecutorImpl.java:2233)
	at org.postgresql.core.v3.QueryExecutorImpl.execute(QueryExecutorImpl.java:310)
	at org.postgresql.jdbc.PgStatement.executeInternal(PgStatement.java:446)
	at org.postgresql.jdbc.PgStatement.execute(PgStatement.java:370)
	at org.postgresql.jdbc.PgPreparedStatement.executeWithFlags(PgPreparedStatement.java:149)
	at org.postgresql.jdbc.PgPreparedStatement.executeUpdate(PgPreparedStatement.java:124)
	at com.zaxxer.hikari.pool.ProxyPreparedStatement.executeUpdate(ProxyPreparedStatement.java:61)
	at com.zaxxer.hikari.pool.HikariProxyPreparedStatement.executeUpdate(HikariProxyPreparedStatement.java)
	at io.getquill.context.jdbc.JdbcRunContext.$anonfun$executeActionReturning$1(JdbcRunContext.scala:53)
	at io.getquill.context.jdbc.JdbcRunContext.$anonfun$withConnectionWrapped$2(JdbcRunContext.scala:29)
	at io.getquill.context.jdbc.JdbcContext$$anon$1.wrap(JdbcContext.scala:31)
	at io.getquill.context.jdbc.JdbcRunContext.$anonfun$withConnectionWrapped$1(JdbcRunContext.scala:29)
	at io.getquill.context.jdbc.JdbcContext.$anonfun$withConnection$1(JdbcContext.scala:62)
	at scala.Option.getOrElse(Option.scala:201)
	at io.getquill.context.jdbc.JdbcContext.withConnection(JdbcContext.scala:60)
	at io.getquill.context.jdbc.JdbcRunContext.withConnectionWrapped(JdbcRunContext.scala:29)
	at io.getquill.context.jdbc.JdbcRunContext.withConnectionWrapped$(JdbcRunContext.scala:28)
	at io.getquill.context.jdbc.JdbcContext.withConnectionWrapped(JdbcContext.scala:14)
	at io.getquill.context.jdbc.JdbcRunContext.executeActionReturning(JdbcRunContext.scala:50)
	at io.getquill.context.jdbc.JdbcRunContext.executeActionReturning$(JdbcRunContext.scala:49)
	at io.getquill.context.jdbc.JdbcContext.executeActionReturning(JdbcContext.scala:44)
	at com.loosemond.orderservice.database.ProductsRepository.$anonfun$create$1(ProductsRepository.scala:38)
	at flatMap @ com.loosemond.orderservice.OrderserviceRoutes$$anonfun$productRoutes$1.$anonfun$applyOrElse$1(OrderserviceRoutes.scala:21)
	at map @ fs2.internal.CompileScope.$anonfun$close$9(CompileScope.scala:246)
	at flatMap @ fs2.internal.CompileScope.$anonfun$close$6(CompileScope.scala:245)
	at map @ fs2.internal.CompileScope.fs2$internal$CompileScope$$traverseError(CompileScope.scala:222)
	at flatMap @ fs2.internal.CompileScope.$anonfun$close$4(CompileScope.scala:244)
	at map @ fs2.internal.CompileScope.fs2$internal$CompileScope$$traverseError(CompileScope.scala:222)
	at flatMap @ fs2.internal.CompileScope.$anonfun$close$2(CompileScope.scala:242)
	at flatMap @ fs2.internal.CompileScope.close(CompileScope.scala:241)
	at rethrow$extension @ fs2.Stream$Compiler$.$anonfun$compile$2(Stream.scala:4225)
	at unsafeRunSync @ com.loosemond.orderservice.ItemSpecSpec.createItem(ItemSpec.scala:64)
	at flatMap @ fs2.internal.CompileScope.$anonfun$openAncestor$2(CompileScope.scala:261)
	at flatMap @ fs2.internal.FreeC$.$anonfun$compile$17(Algebra.scala:545)
	at map @ fs2.internal.CompileScope.$anonfun$close$9(CompileScope.scala:246)
	at flatMap @ fs2.internal.CompileScope.$anonfun$close$6(CompileScope.scala:245)
	at map @ fs2.internal.CompileScope.fs2$internal$CompileScope$$traverseError(CompileScope.scala:222)
	at flatMap @ fs2.internal.CompileScope.$anonfun$close$4(CompileScope.scala:244)
</failure>
                    </testcase><testcase classname="com.loosemond.orderservice.ProductSpecSpec" name="Retrieving products" time="0.023">
                      <failure message="ERROR: duplicate key value violates unique constraint &quot;products_name_key&quot;
  Detail: Key (name)=(shoe) already exists." type="org.postgresql.util.PSQLException">org.postgresql.util.PSQLException: ERROR: duplicate key value violates unique constraint &quot;products_name_key&quot;
  Detail: Key (name)=(shoe) already exists.
	at org.postgresql.core.v3.QueryExecutorImpl.receiveErrorResponse(QueryExecutorImpl.java:2497)
	at org.postgresql.core.v3.QueryExecutorImpl.processResults(QueryExecutorImpl.java:2233)
	at org.postgresql.core.v3.QueryExecutorImpl.execute(QueryExecutorImpl.java:310)
	at org.postgresql.jdbc.PgStatement.executeInternal(PgStatement.java:446)
	at org.postgresql.jdbc.PgStatement.execute(PgStatement.java:370)
	at org.postgresql.jdbc.PgPreparedStatement.executeWithFlags(PgPreparedStatement.java:149)
	at org.postgresql.jdbc.PgPreparedStatement.executeUpdate(PgPreparedStatement.java:124)
	at com.zaxxer.hikari.pool.ProxyPreparedStatement.executeUpdate(ProxyPreparedStatement.java:61)
	at com.zaxxer.hikari.pool.HikariProxyPreparedStatement.executeUpdate(HikariProxyPreparedStatement.java)
	at io.getquill.context.jdbc.JdbcRunContext.$anonfun$executeActionReturning$1(JdbcRunContext.scala:53)
	at io.getquill.context.jdbc.JdbcRunContext.$anonfun$withConnectionWrapped$2(JdbcRunContext.scala:29)
	at io.getquill.context.jdbc.JdbcContext$$anon$1.wrap(JdbcContext.scala:31)
	at io.getquill.context.jdbc.JdbcRunContext.$anonfun$withConnectionWrapped$1(JdbcRunContext.scala:29)
	at io.getquill.context.jdbc.JdbcContext.$anonfun$withConnection$1(JdbcContext.scala:62)
	at scala.Option.getOrElse(Option.scala:201)
	at io.getquill.context.jdbc.JdbcContext.withConnection(JdbcContext.scala:60)
	at io.getquill.context.jdbc.JdbcRunContext.withConnectionWrapped(JdbcRunContext.scala:29)
	at io.getquill.context.jdbc.JdbcRunContext.withConnectionWrapped$(JdbcRunContext.scala:28)
	at io.getquill.context.jdbc.JdbcContext.withConnectionWrapped(JdbcContext.scala:14)
	at io.getquill.context.jdbc.JdbcRunContext.executeActionReturning(JdbcRunContext.scala:50)
	at io.getquill.context.jdbc.JdbcRunContext.executeActionReturning$(JdbcRunContext.scala:49)
	at io.getquill.context.jdbc.JdbcContext.executeActionReturning(JdbcContext.scala:44)
	at com.loosemond.orderservice.database.ProductsRepository.$anonfun$create$1(ProductsRepository.scala:38)
	at flatMap @ com.loosemond.orderservice.OrderserviceRoutes$$anonfun$productRoutes$1.$anonfun$applyOrElse$1(OrderserviceRoutes.scala:21)
	at map @ fs2.internal.CompileScope.$anonfun$close$9(CompileScope.scala:246)
	at flatMap @ fs2.internal.CompileScope.$anonfun$close$6(CompileScope.scala:245)
	at map @ fs2.internal.CompileScope.fs2$internal$CompileScope$$traverseError(CompileScope.scala:222)
	at flatMap @ fs2.internal.CompileScope.$anonfun$close$4(CompileScope.scala:244)
	at map @ fs2.internal.CompileScope.fs2$internal$CompileScope$$traverseError(CompileScope.scala:222)
	at flatMap @ fs2.internal.CompileScope.$anonfun$close$2(CompileScope.scala:242)
	at flatMap @ fs2.internal.CompileScope.close(CompileScope.scala:241)
	at rethrow$extension @ fs2.Stream$Compiler$.$anonfun$compile$2(Stream.scala:4225)
	at unsafeRunSync @ com.loosemond.orderservice.ItemSpecSpec.createItem(ItemSpec.scala:64)
	at flatMap @ fs2.internal.CompileScope.$anonfun$openAncestor$2(CompileScope.scala:261)
	at flatMap @ fs2.internal.FreeC$.$anonfun$compile$17(Algebra.scala:545)
	at map @ fs2.internal.CompileScope.$anonfun$close$9(CompileScope.scala:246)
	at flatMap @ fs2.internal.CompileScope.$anonfun$close$6(CompileScope.scala:245)
	at map @ fs2.internal.CompileScope.fs2$internal$CompileScope$$traverseError(CompileScope.scala:222)
	at flatMap @ fs2.internal.CompileScope.$anonfun$close$4(CompileScope.scala:244)
</failure>
                    </testcase>
          <system-out><![CDATA[]]></system-out>
          <system-err><![CDATA[]]></system-err>
        </testsuite>